{
  "stats": {
    "suites": 1,
    "tests": 1,
    "passes": 0,
    "pending": 0,
    "failures": 1,
    "start": "2021-08-06T09:42:26.746Z",
    "end": "2021-08-06T09:43:45.641Z",
    "duration": 78895,
    "testsRegistered": 2,
    "passPercent": 0,
    "pendingPercent": 0,
    "other": 0,
    "hasOther": false,
    "skipped": 1,
    "hasSkipped": true
  },
  "results": [
    {
      "uuid": "af48e9d0-5125-45e0-b782-fd5276c0df29",
      "title": "",
      "fullFile": "cypress/integration/testcases/AddContent.js",
      "file": "cypress/integration/testcases/AddContent.js",
      "beforeHooks": [],
      "afterHooks": [],
      "tests": [],
      "suites": [
        {
          "uuid": "bbe9bf93-3707-4202-9164-cf61e13ee936",
          "title": "Add Content Test Suite",
          "fullFile": "",
          "file": "",
          "beforeHooks": [],
          "afterHooks": [],
          "tests": [
            {
              "title": "Add Article Content 1",
              "fullTitle": "Add Content Test Suite Add Article Content 1",
              "timedOut": null,
              "duration": 20678,
              "state": "failed",
              "speed": null,
              "pass": false,
              "fail": true,
              "pending": false,
              "context": "\"cypress/screenshots/testcases/AddContent.js/Add Content Test Suite -- Add Article Content 1 (failed).png\"",
              "code": "addContentPage.addArticle(\"Press\", \"Test Article Cypress\", \"Cypress is description\");\naddContentPage.deleteArticle();",
              "err": {
                "message": "AssertionError: Timed out retrying after 4000ms: Expected to find element: `#toolbar-item-user`, but never found it.\n\nBecause this error occurred during a `after each` hook we are skipping the remaining tests in the current suite: `Add Content Test Suite`",
                "estack": "AssertionError: Timed out retrying after 4000ms: Expected to find element: `#toolbar-item-user`, but never found it.\n\nBecause this error occurred during a `after each` hook we are skipping the remaining tests in the current suite: `Add Content Test Suite`\n    at LogoutPage.logout (https://mitsloan.mit.edu/__cypress/tests?p=cypress\\integration\\testcases\\AddContent.js:327:32)\n    at Context.eval (https://mitsloan.mit.edu/__cypress/tests?p=cypress\\integration\\testcases\\AddContent.js:142:16)",
                "diff": null
              },
              "uuid": "4717e7f2-4db3-4c91-8045-bbf497eb0d6a",
              "parentUUID": "bbe9bf93-3707-4202-9164-cf61e13ee936",
              "isHook": false,
              "skipped": false
            },
            {
              "title": "Add Article Content 2",
              "fullTitle": "Add Content Test Suite Add Article Content 2",
              "timedOut": null,
              "duration": 0,
              "state": "skipped",
              "speed": null,
              "pass": false,
              "fail": false,
              "pending": false,
              "context": null,
              "code": "addContentPage.addArticle(\"Ideas Made to Matter\", \"Cypress Test Article \", \"Cypress is description\");\naddContentPage.deleteArticle();",
              "err": {},
              "uuid": "724fc38d-88ac-408b-a6b0-ef5c81238a4b",
              "parentUUID": "bbe9bf93-3707-4202-9164-cf61e13ee936",
              "isHook": false,
              "skipped": true
            }
          ],
          "suites": [],
          "passes": [],
          "failures": [
            "4717e7f2-4db3-4c91-8045-bbf497eb0d6a"
          ],
          "pending": [],
          "skipped": [
            "724fc38d-88ac-408b-a6b0-ef5c81238a4b"
          ],
          "duration": 20678,
          "root": false,
          "rootEmpty": false,
          "_timeout": 2000
        }
      ],
      "passes": [],
      "failures": [],
      "pending": [],
      "skipped": [],
      "duration": 0,
      "root": true,
      "rootEmpty": true,
      "_timeout": 2000
    }
  ],
  "meta": {
    "mocha": {
      "version": "7.0.1"
    },
    "mochawesome": {
      "options": {
        "quiet": false,
        "reportFilename": "report",
        "saveHtml": false,
        "saveJson": true,
        "consoleReporter": "spec",
        "useInlineDiffs": false,
        "code": true
      },
      "version": "6.2.2"
    },
    "marge": {
      "options": {
        "reportDir": "cypress/reports",
        "files": "cypress/reports/*.json",
        "reportFilename": "report",
        "overwrite": false,
        "html": false,
        "json": true,
        "charts": true,
        "reportPageTitle": "MIT Sloan Regression Test Suite"
      },
      "version": "5.2.0"
    }
  }
}