{
  "stats": {
    "suites": 1,
    "tests": 2,
    "passes": 2,
    "pending": 0,
    "failures": 0,
    "start": "2021-08-06T09:44:19.005Z",
    "end": "2021-08-06T09:44:43.339Z",
    "duration": 24334,
    "testsRegistered": 2,
    "passPercent": 100,
    "pendingPercent": 0,
    "other": 0,
    "hasOther": false,
    "skipped": 0,
    "hasSkipped": false
  },
  "results": [
    {
      "uuid": "1fbc9fde-dc70-45a4-b580-5376f4d7249a",
      "title": "",
      "fullFile": "cypress/integration/testcases/Login_spec.js",
      "file": "cypress/integration/testcases/Login_spec.js",
      "beforeHooks": [],
      "afterHooks": [],
      "tests": [],
      "suites": [
        {
          "uuid": "0abdf4ab-3c68-41c5-8b28-87f8f84e1921",
          "title": "Login Suite",
          "fullFile": "",
          "file": "",
          "beforeHooks": [],
          "afterHooks": [],
          "tests": [
            {
              "title": "InValid Login",
              "fullTitle": "Login Suite InValid Login",
              "timedOut": null,
              "duration": 11367,
              "state": "passed",
              "speed": "slow",
              "pass": true,
              "fail": false,
              "pending": false,
              "context": null,
              "code": "loginPage.login(\"wrongusername\", \"wrongpassword\");\nloginPage.invalidLoginErrorMsg().contains('Unrecognized username or password. Forgot your password?');",
              "err": {},
              "uuid": "a020f25e-e4d8-4393-93eb-cfe3bf2ee74a",
              "parentUUID": "0abdf4ab-3c68-41c5-8b28-87f8f84e1921",
              "isHook": false,
              "skipped": false
            },
            {
              "title": "Valid Login",
              "fullTitle": "Login Suite Valid Login",
              "timedOut": null,
              "duration": 8266,
              "state": "passed",
              "speed": "slow",
              "pass": true,
              "fail": false,
              "pending": false,
              "context": null,
              "code": "loginPage.login(\"gayathri.pradeep\", \"password123!\");\nloginPage.toolbarItemUser().contains('gayathri.pradeep');",
              "err": {},
              "uuid": "f48f1dab-80c0-4865-bfec-4403ffbc2e49",
              "parentUUID": "0abdf4ab-3c68-41c5-8b28-87f8f84e1921",
              "isHook": false,
              "skipped": false
            }
          ],
          "suites": [],
          "passes": [
            "a020f25e-e4d8-4393-93eb-cfe3bf2ee74a",
            "f48f1dab-80c0-4865-bfec-4403ffbc2e49"
          ],
          "failures": [],
          "pending": [],
          "skipped": [],
          "duration": 19633,
          "root": false,
          "rootEmpty": false,
          "_timeout": 2000
        }
      ],
      "passes": [],
      "failures": [],
      "pending": [],
      "skipped": [],
      "duration": 0,
      "root": true,
      "rootEmpty": true,
      "_timeout": 2000
    }
  ],
  "meta": {
    "mocha": {
      "version": "7.0.1"
    },
    "mochawesome": {
      "options": {
        "quiet": false,
        "reportFilename": "report",
        "saveHtml": false,
        "saveJson": true,
        "consoleReporter": "spec",
        "useInlineDiffs": false,
        "code": true
      },
      "version": "6.2.2"
    },
    "marge": {
      "options": {
        "reportDir": "cypress/reports",
        "files": "cypress/reports/*.json",
        "reportFilename": "report",
        "overwrite": false,
        "html": false,
        "json": true,
        "charts": true,
        "reportPageTitle": "MIT Sloan Regression Test Suite"
      },
      "version": "5.2.0"
    }
  }
}