{
  "stats": {
    "suites": 1,
    "tests": 1,
    "passes": 0,
    "pending": 0,
    "failures": 1,
    "start": "2021-08-06T09:44:49.546Z",
    "end": "2021-08-06T09:45:20.571Z",
    "duration": 31025,
    "testsRegistered": 1,
    "passPercent": 0,
    "pendingPercent": 0,
    "other": 0,
    "hasOther": false,
    "skipped": 0,
    "hasSkipped": false
  },
  "results": [
    {
      "uuid": "81470a71-6221-43c5-8818-a43859d222af",
      "title": "",
      "fullFile": "cypress/integration/testcases/Logout_spec.js",
      "file": "cypress/integration/testcases/Logout_spec.js",
      "beforeHooks": [],
      "afterHooks": [],
      "tests": [],
      "suites": [
        {
          "uuid": "f614e44a-1a33-401a-8b73-5f09d5889227",
          "title": "Logout Suite",
          "fullFile": "",
          "file": "",
          "beforeHooks": [],
          "afterHooks": [],
          "tests": [
            {
              "title": "Successful Logout Test",
              "fullTitle": "Logout Suite Successful Logout Test",
              "timedOut": null,
              "duration": 28150,
              "state": "failed",
              "speed": null,
              "pass": false,
              "fail": true,
              "pending": false,
              "context": "\"cypress/screenshots/testcases/Logout_spec.js/Logout Suite -- Successful Logout Test (failed).png\"",
              "code": "loginPage.login(\"gayathri.pradeep\", \"password123!\");\nlogoutPage.logout();",
              "err": {
                "message": "AssertionError: Timed out retrying after 4000ms: Expected to find element: `#toolbar-item-user`, but never found it.",
                "estack": "AssertionError: Timed out retrying after 4000ms: Expected to find element: `#toolbar-item-user`, but never found it.\n    at LogoutPage.logout (https://mitsloan.mit.edu/__cypress/tests?p=cypress\\integration\\testcases\\Logout_spec.js:216:32)\n    at Context.eval (https://mitsloan.mit.edu/__cypress/tests?p=cypress\\integration\\testcases\\Logout_spec.js:129:16)",
                "diff": null
              },
              "uuid": "2c67fef7-19ac-4fac-95f2-9f7ea6876d77",
              "parentUUID": "f614e44a-1a33-401a-8b73-5f09d5889227",
              "isHook": false,
              "skipped": false
            }
          ],
          "suites": [],
          "passes": [],
          "failures": [
            "2c67fef7-19ac-4fac-95f2-9f7ea6876d77"
          ],
          "pending": [],
          "skipped": [],
          "duration": 28150,
          "root": false,
          "rootEmpty": false,
          "_timeout": 2000
        }
      ],
      "passes": [],
      "failures": [],
      "pending": [],
      "skipped": [],
      "duration": 0,
      "root": true,
      "rootEmpty": true,
      "_timeout": 2000
    }
  ],
  "meta": {
    "mocha": {
      "version": "7.0.1"
    },
    "mochawesome": {
      "options": {
        "quiet": false,
        "reportFilename": "report",
        "saveHtml": false,
        "saveJson": true,
        "consoleReporter": "spec",
        "useInlineDiffs": false,
        "code": true
      },
      "version": "6.2.2"
    },
    "marge": {
      "options": {
        "reportDir": "cypress/reports",
        "files": "cypress/reports/*.json",
        "reportFilename": "report",
        "overwrite": false,
        "html": false,
        "json": true,
        "charts": true,
        "reportPageTitle": "MIT Sloan Regression Test Suite"
      },
      "version": "5.2.0"
    }
  }
}