{
  "stats": {
    "suites": 1,
    "tests": 2,
    "passes": 2,
    "pending": 0,
    "failures": 0,
    "start": "2022-01-03T10:46:11.857Z",
    "end": "2022-01-03T10:46:45.046Z",
    "duration": 33189,
    "testsRegistered": 2,
    "passPercent": 100,
    "pendingPercent": 0,
    "other": 0,
    "hasOther": false,
    "skipped": 0,
    "hasSkipped": false
  },
  "results": [
    {
      "uuid": "9ca6d4a7-b993-4f2a-a0bb-a0e0dcfa08c4",
      "title": "",
      "fullFile": "cypress/integration/login.feature",
      "file": "cypress/integration/login.feature",
      "beforeHooks": [],
      "afterHooks": [],
      "tests": [],
      "suites": [
        {
          "uuid": "eb50d0a9-3ccc-4ef2-a378-c46f5714f1e6",
          "title": "Login",
          "fullFile": "",
          "file": "",
          "beforeHooks": [],
          "afterHooks": [],
          "tests": [
            {
              "title": "Login as Administrator",
              "fullTitle": "Login Login as Administrator",
              "timedOut": null,
              "duration": 24788,
              "state": "passed",
              "speed": "slow",
              "pass": true,
              "fail": false,
              "pending": false,
              "context": null,
              "code": "const state = window.testState;\nreturn cy\n  .then(() => state.onStartScenario(scenario, indexedSteps))\n  .then(() =>\n    resolveAndRunBeforeHooks.call(this, scenario.tags, state.feature.name)\n  )\n  .then(() =>\n    indexedSteps.forEach((step) =>\n      stepTest.call(this, state, step, rowData)\n    )\n  )\n  .then(() => state.onFinishScenario(scenario));",
              "err": {},
              "uuid": "0b4e54d4-a536-4c33-adef-5ce4606708f5",
              "parentUUID": "eb50d0a9-3ccc-4ef2-a378-c46f5714f1e6",
              "isHook": false,
              "skipped": false
            },
            {
              "title": "Login as Administrator with multiple accounts",
              "fullTitle": "Login Login as Administrator with multiple accounts",
              "timedOut": null,
              "duration": 7992,
              "state": "passed",
              "speed": "medium",
              "pass": true,
              "fail": false,
              "pending": false,
              "context": null,
              "code": "const state = window.testState;\nreturn cy\n  .then(() => state.onStartScenario(scenario, indexedSteps))\n  .then(() =>\n    resolveAndRunBeforeHooks.call(this, scenario.tags, state.feature.name)\n  )\n  .then(() =>\n    indexedSteps.forEach((step) =>\n      stepTest.call(this, state, step, rowData)\n    )\n  )\n  .then(() => state.onFinishScenario(scenario));",
              "err": {},
              "uuid": "8ceb197b-e6c2-4b78-81af-2df4331831f2",
              "parentUUID": "eb50d0a9-3ccc-4ef2-a378-c46f5714f1e6",
              "isHook": false,
              "skipped": false
            }
          ],
          "suites": [],
          "passes": [
            "0b4e54d4-a536-4c33-adef-5ce4606708f5",
            "8ceb197b-e6c2-4b78-81af-2df4331831f2"
          ],
          "failures": [],
          "pending": [],
          "skipped": [],
          "duration": 32780,
          "root": false,
          "rootEmpty": false,
          "_timeout": 2000
        }
      ],
      "passes": [],
      "failures": [],
      "pending": [],
      "skipped": [],
      "duration": 0,
      "root": true,
      "rootEmpty": true,
      "_timeout": 2000
    }
  ],
  "meta": {
    "mocha": {
      "version": "7.0.1"
    },
    "mochawesome": {
      "options": {
        "quiet": false,
        "reportFilename": "report",
        "saveHtml": false,
        "saveJson": true,
        "consoleReporter": "spec",
        "useInlineDiffs": false,
        "code": true
      },
      "version": "6.2.2"
    },
    "marge": {
      "options": {
        "reportDir": "cypress/reports",
        "files": "cypress/reports/*.json",
        "reportFilename": "report",
        "overwrite": false,
        "html": false,
        "json": true,
        "charts": true,
        "reportPageTitle": "MIT Sloan Regression Test Suite"
      },
      "version": "5.2.0"
    }
  }
}