{
  "stats": {
    "suites": 1,
    "tests": 2,
    "passes": 2,
    "pending": 0,
    "failures": 0,
    "start": "2022-01-03T10:03:44.642Z",
    "end": "2022-01-03T10:04:03.118Z",
    "duration": 18476,
    "testsRegistered": 2,
    "passPercent": 100,
    "pendingPercent": 0,
    "other": 0,
    "hasOther": false,
    "skipped": 0,
    "hasSkipped": false
  },
  "results": [
    {
      "uuid": "fddbd982-3c0d-44fc-afe4-255b8d1b81d1",
      "title": "",
      "fullFile": "cypress/integration/login.feature",
      "file": "cypress/integration/login.feature",
      "beforeHooks": [],
      "afterHooks": [],
      "tests": [],
      "suites": [
        {
          "uuid": "a0495253-0ccb-400e-8e9d-f2fa38bf8f9a",
          "title": "Login",
          "fullFile": "",
          "file": "",
          "beforeHooks": [],
          "afterHooks": [],
          "tests": [
            {
              "title": "Login as Administrator",
              "fullTitle": "Login Login as Administrator",
              "timedOut": null,
              "duration": 12753,
              "state": "passed",
              "speed": "slow",
              "pass": true,
              "fail": false,
              "pending": false,
              "context": null,
              "code": "const state = window.testState;\nreturn cy\n  .then(() => state.onStartScenario(scenario, indexedSteps))\n  .then(() =>\n    resolveAndRunBeforeHooks.call(this, scenario.tags, state.feature.name)\n  )\n  .then(() =>\n    indexedSteps.forEach((step) =>\n      stepTest.call(this, state, step, rowData)\n    )\n  )\n  .then(() => state.onFinishScenario(scenario));",
              "err": {},
              "uuid": "43c07e04-0ffc-448f-9c18-96435fff0ecc",
              "parentUUID": "a0495253-0ccb-400e-8e9d-f2fa38bf8f9a",
              "isHook": false,
              "skipped": false
            },
            {
              "title": "Login as Administrator with multiple accounts",
              "fullTitle": "Login Login as Administrator with multiple accounts",
              "timedOut": null,
              "duration": 5515,
              "state": "passed",
              "speed": "medium",
              "pass": true,
              "fail": false,
              "pending": false,
              "context": null,
              "code": "const state = window.testState;\nreturn cy\n  .then(() => state.onStartScenario(scenario, indexedSteps))\n  .then(() =>\n    resolveAndRunBeforeHooks.call(this, scenario.tags, state.feature.name)\n  )\n  .then(() =>\n    indexedSteps.forEach((step) =>\n      stepTest.call(this, state, step, rowData)\n    )\n  )\n  .then(() => state.onFinishScenario(scenario));",
              "err": {},
              "uuid": "1adf41dc-b325-409a-94d8-8d8177fd8ec7",
              "parentUUID": "a0495253-0ccb-400e-8e9d-f2fa38bf8f9a",
              "isHook": false,
              "skipped": false
            }
          ],
          "suites": [],
          "passes": [
            "43c07e04-0ffc-448f-9c18-96435fff0ecc",
            "1adf41dc-b325-409a-94d8-8d8177fd8ec7"
          ],
          "failures": [],
          "pending": [],
          "skipped": [],
          "duration": 18268,
          "root": false,
          "rootEmpty": false,
          "_timeout": 2000
        }
      ],
      "passes": [],
      "failures": [],
      "pending": [],
      "skipped": [],
      "duration": 0,
      "root": true,
      "rootEmpty": true,
      "_timeout": 2000
    }
  ],
  "meta": {
    "mocha": {
      "version": "7.0.1"
    },
    "mochawesome": {
      "options": {
        "quiet": false,
        "reportFilename": "report",
        "saveHtml": false,
        "saveJson": true,
        "consoleReporter": "spec",
        "useInlineDiffs": false,
        "code": true
      },
      "version": "6.2.2"
    },
    "marge": {
      "options": {
        "reportDir": "cypress/reports",
        "files": "cypress/reports/*.json",
        "reportFilename": "report",
        "overwrite": false,
        "html": false,
        "json": true,
        "charts": true,
        "reportPageTitle": "MIT Sloan Regression Test Suite"
      },
      "version": "5.2.0"
    }
  }
}